<?xml version="1.0" encoding="UTF-8"?>
<!-- Generated by org.testng.reporters.JUnitXMLReporter -->
<testsuite hostname="Ibrahims-MacBook-Pro.local" ignored="0" name="Default test" tests="4" failures="0" timestamp="24 Jul 2017 02:42:28 GMT" time="0.027" errors="0">
  <testcase name="firstTest" time="0.005" classname="testngExamples.NewTest"/>
  <testcase name="firstTest" time="0.001" classname="testngExamples.NewTest"/>
  <testcase name="secondTest" time="0.001" classname="testngExamples.NewTest"/>
  <testcase name="secondTest" time="0.001" classname="testngExamples.NewTest"/>
</testsuite> <!-- Default test -->
