<?xml version="1.0" encoding="UTF-8"?>
<testng-results skipped="0" failed="0" ignored="0" total="4" passed="4">
  <reporter-output>
  </reporter-output>
  <suite name="Default suite" duration-ms="27" started-at="2017-07-24T02:42:28Z" finished-at="2017-07-24T02:42:28Z">
    <groups>
    </groups>
    <test name="Default test" duration-ms="27" started-at="2017-07-24T02:42:28Z" finished-at="2017-07-24T02:42:28Z">
      <class name="testngExamples.NewTest">
        <test-method status="PASS" signature="beforeClass()[pri:0, instance:testngExamples.NewTest@215be6bb]" name="beforeClass" is-config="true" duration-ms="4" started-at="2017-07-23T22:42:28Z" finished-at="2017-07-23T22:42:28Z">
          <reporter-output>
          </reporter-output>
        </test-method> <!-- beforeClass -->
        <test-method status="PASS" signature="firstTest()[pri:0, instance:testngExamples.NewTest@215be6bb]" name="firstTest" duration-ms="5" started-at="2017-07-23T22:42:28Z" finished-at="2017-07-23T22:42:28Z">
          <reporter-output>
          </reporter-output>
        </test-method> <!-- firstTest -->
        <test-method status="PASS" signature="beforeClass()[pri:0, instance:testngExamples.NewTest@215be6bb]" name="beforeClass" is-config="true" duration-ms="0" started-at="2017-07-23T22:42:28Z" finished-at="2017-07-23T22:42:28Z">
          <reporter-output>
          </reporter-output>
        </test-method> <!-- beforeClass -->
        <test-method status="PASS" signature="firstTest()[pri:0, instance:testngExamples.NewTest@32d992b2]" name="firstTest" duration-ms="1" started-at="2017-07-23T22:42:28Z" finished-at="2017-07-23T22:42:28Z">
          <reporter-output>
          </reporter-output>
        </test-method> <!-- firstTest -->
        <test-method status="PASS" signature="secondTest()[pri:0, instance:testngExamples.NewTest@215be6bb]" name="secondTest" duration-ms="1" started-at="2017-07-23T22:42:28Z" finished-at="2017-07-23T22:42:28Z">
          <reporter-output>
          </reporter-output>
        </test-method> <!-- secondTest -->
        <test-method status="PASS" signature="afterClass()[pri:0, instance:testngExamples.NewTest@215be6bb]" name="afterClass" is-config="true" duration-ms="0" started-at="2017-07-23T22:42:28Z" finished-at="2017-07-23T22:42:28Z">
          <reporter-output>
          </reporter-output>
        </test-method> <!-- afterClass -->
        <test-method status="PASS" signature="secondTest()[pri:0, instance:testngExamples.NewTest@32d992b2]" name="secondTest" duration-ms="1" started-at="2017-07-23T22:42:28Z" finished-at="2017-07-23T22:42:28Z">
          <reporter-output>
          </reporter-output>
        </test-method> <!-- secondTest -->
        <test-method status="PASS" signature="afterClass()[pri:0, instance:testngExamples.NewTest@215be6bb]" name="afterClass" is-config="true" duration-ms="1" started-at="2017-07-23T22:42:28Z" finished-at="2017-07-23T22:42:28Z">
          <reporter-output>
          </reporter-output>
        </test-method> <!-- afterClass -->
      </class> <!-- testngExamples.NewTest -->
    </test> <!-- Default test -->
  </suite> <!-- Default suite -->
</testng-results>
