<?xml version="1.0" encoding="UTF-8"?>
<testng-results skipped="0" failed="0" ignored="0" total="4" passed="4">
  <reporter-output>
  </reporter-output>
  <suite name="Default suite" duration-ms="43" started-at="2017-07-24T18:39:14Z" finished-at="2017-07-24T18:39:14Z">
    <groups>
    </groups>
    <test name="Default test" duration-ms="43" started-at="2017-07-24T18:39:14Z" finished-at="2017-07-24T18:39:14Z">
      <class name="testngExamples.FooTest">
        <test-method status="PASS" signature="setOptions(org.testng.xml.XmlTest)[pri:0, instance:testngExamples.FooTest@402f32ff]" name="setOptions" is-config="true" duration-ms="5" started-at="2017-07-24T14:39:14Z" finished-at="2017-07-24T14:39:14Z">
          <params>
            <param index="0">
              <value>
                <![CDATA[[Test: "Default test" verbose:2[parameters:][metagroups:] [included: ][excluded: ]  classes: packages:] ]]>
              </value>
            </param>
          </params>
          <reporter-output>
          </reporter-output>
        </test-method> <!-- setOptions -->
        <test-method status="PASS" signature="setEnvironment()[pri:0, instance:testngExamples.FooTest@402f32ff]" name="setEnvironment" is-config="true" duration-ms="0" started-at="2017-07-24T14:39:14Z" finished-at="2017-07-24T14:39:14Z">
          <reporter-output>
          </reporter-output>
        </test-method> <!-- setEnvironment -->
        <test-method status="PASS" signature="test1()[pri:0, instance:testngExamples.FooTest@402f32ff]" name="test1" duration-ms="7" started-at="2017-07-24T14:39:14Z" finished-at="2017-07-24T14:39:14Z">
          <reporter-output>
          </reporter-output>
        </test-method> <!-- test1 -->
        <test-method status="PASS" signature="test2()[pri:0, instance:testngExamples.FooTest@402f32ff]" name="test2" duration-ms="2" started-at="2017-07-24T14:39:14Z" finished-at="2017-07-24T14:39:14Z">
          <reporter-output>
          </reporter-output>
        </test-method> <!-- test2 -->
        <test-method status="PASS" signature="removeEnvironment()[pri:0, instance:testngExamples.FooTest@402f32ff]" name="removeEnvironment" is-config="true" duration-ms="0" started-at="2017-07-24T14:39:14Z" finished-at="2017-07-24T14:39:14Z">
          <reporter-output>
          </reporter-output>
        </test-method> <!-- removeEnvironment -->
        <test-method status="PASS" signature="setEnvironment()[pri:0, instance:testngExamples.FooTest@402f32ff]" name="setEnvironment" is-config="true" duration-ms="1" started-at="2017-07-24T14:39:14Z" finished-at="2017-07-24T14:39:14Z">
          <reporter-output>
          </reporter-output>
        </test-method> <!-- setEnvironment -->
        <test-method status="PASS" signature="test1()[pri:0, instance:testngExamples.FooTest@48eff760]" name="test1" duration-ms="2" started-at="2017-07-24T14:39:14Z" finished-at="2017-07-24T14:39:14Z">
          <reporter-output>
          </reporter-output>
        </test-method> <!-- test1 -->
        <test-method status="PASS" signature="test2()[pri:0, instance:testngExamples.FooTest@48eff760]" name="test2" duration-ms="2" started-at="2017-07-24T14:39:14Z" finished-at="2017-07-24T14:39:14Z">
          <reporter-output>
          </reporter-output>
        </test-method> <!-- test2 -->
        <test-method status="PASS" signature="removeEnvironment()[pri:0, instance:testngExamples.FooTest@402f32ff]" name="removeEnvironment" is-config="true" duration-ms="0" started-at="2017-07-24T14:39:14Z" finished-at="2017-07-24T14:39:14Z">
          <reporter-output>
          </reporter-output>
        </test-method> <!-- removeEnvironment -->
      </class> <!-- testngExamples.FooTest -->
    </test> <!-- Default test -->
  </suite> <!-- Default suite -->
</testng-results>
